2016-11-03 19:50:24,564 usbdmx - INFO: Starting usbdmx main module.
2016-11-03 19:50:38,905 usbdmx - INFO: Starting usbdmx main module.
2016-11-03 19:50:54,168 usbdmx - INFO: Starting usbdmx main module.
2016-11-03 19:51:02,924 usbdmx - INFO: Starting usbdmx main module.
2016-11-03 19:57:45,389 usbdmx - INFO: Starting usbdmx main module.
2016-11-03 20:01:34,655 usbdmx - INFO: Starting usbdmx main module.
2016-11-03 20:02:21,616 usbdmx - INFO: Starting usbdmx main module.
2016-11-03 20:07:56,707 usbdmx - INFO: Starting usbdmx main module.
2016-11-03 20:09:02,124 usbdmx - INFO: Starting usbdmx main module.
2016-11-03 20:09:11,722 usbdmx - INFO: Starting usbdmx main module.
2016-11-03 20:18:58,542 usbdmx - INFO: Starting usbdmx main module.
2016-11-03 20:22:28,184 usbdmx - INFO: Starting usbdmx main module.
2016-11-03 20:24:59,841 usbdmx - INFO: Starting usbdmx main module.
2016-11-03 20:25:10,934 usbdmx - INFO: Starting usbdmx main module.
2016-11-03 20:25:42,814 usbdmx - INFO: Starting usbdmx main module.
2016-11-03 20:26:52,954 usbdmx - INFO: Le serveur USBDMX demarre
2016-11-03 20:27:06,817 usbdmx - INFO: Le serveur USBDMX demarre
2016-11-03 20:27:59,511 usbdmx - INFO: Le serveur USBDMX demarre
2016-11-03 20:28:09,695 usbdmx - INFO: Le serveur USBDMX demarre
2016-11-03 20:29:49,887 usbdmx - INFO: Le serveur USBDMX demarre
2016-11-03 20:30:07,703 usbdmx - INFO: Le serveur USBDMX demarre
2016-11-03 20:31:26,561 usbdmx - INFO: Le serveur USBDMX demarre
2016-11-03 20:31:26,562 usbdmx - ERROR: unsupported operand type(s) for +: 'int' and 'str'
2016-11-03 20:31:26,562 usbdmx - ERROR: None
2016-11-03 20:31:43,136 usbdmx - INFO: Le serveur USBDMX demarre
2016-11-03 20:31:43,136 usbdmx - ERROR: unsupported operand type(s) for +: 'int' and 'str'
2016-11-03 20:31:43,136 usbdmx - ERROR: None
2016-11-03 20:31:49,355 usbdmx - INFO: Le serveur USBDMX demarre
2016-11-03 20:31:49,355 usbdmx - ERROR: unsupported operand type(s) for +: 'int' and 'str'
2016-11-03 20:31:49,355 usbdmx - ERROR: None
2016-11-03 20:34:42,258 usbdmx - INFO: Le serveur USBDMX demarre
2016-11-03 20:34:42,259 usbdmx - ERROR: unsupported operand type(s) for +: 'int' and 'str'
2016-11-03 20:34:42,259 usbdmx - ERROR: None
Le serveur USBDMX demarre
unsupported operand type(s) for +: 'int' and 'str'
None
2016-11-03 20:36:18,240 usbdmx - INFO: Le serveur USBDMX demarre
2016-11-03 20:36:18,240 usbdmx - ERROR: unsupported operand type(s) for +: 'int' and 'str'
2016-11-03 20:36:18,241 usbdmx - ERROR: None
Le serveur USBDMX demarre
unsupported operand type(s) for +: 'int' and 'str'
None
Le serveur USBDMX demarre
unsupported operand type(s) for +: 'int' and 'str'
None
Le serveur USBDMX demarre
unsupported operand type(s) for +: 'int' and 'str'
None
Le serveur USBDMX demarre
unsupported operand type(s) for +: 'int' and 'str'
None
Le serveur USBDMX demarre
unsupported operand type(s) for +: 'int' and 'str'
Le serveur USBDMX demarre
Le serveur USBDMX demarre
unsupported operand type(s) for +: 'int' and 'str'unsupported operand type(s) for +: 'int' and 'str'
Le serveur USBDMX demarre
Le serveur USBDMX demarre
unsupported operand type(s) for +: 'int' and 'str'
Le serveur USBDMX demarre
unsupported operand type(s) for +: 'int' and 'str'Traceback (most recent call last):
  File "/media/nico/DATA/Dropbox/VIBES/DMX-OSC/UsbDmx.py", line 31, in start
    self.osc.start()
  File "/media/nico/DATA/Dropbox/VIBES/DMX-OSC/osc/UsbDmxServer.py", line 24, in start
    test = 1 + "f"
TypeError: unsupported operand type(s) for +: 'int' and 'str'

Le serveur USBDMX demarre
unsupported operand type(s) for +: 'int' and 'str'Traceback (most recent call last):
  File "/media/nico/DATA/Dropbox/VIBES/DMX-OSC/UsbDmx.py", line 31, in start
    self.osc.start()
  File "/media/nico/DATA/Dropbox/VIBES/DMX-OSC/osc/UsbDmxServer.py", line 24, in start
    test = 1 + "f"
TypeError: unsupported operand type(s) for +: 'int' and 'str'

Le serveur USBDMX demarre
unsupported operand type(s) for +: 'int' and 'str'Traceback (most recent call last):
  File "/media/nico/DATA/Dropbox/VIBES/DMX-OSC/UsbDmx.py", line 31, in start
    self.osc.start()
  File "/media/nico/DATA/Dropbox/VIBES/DMX-OSC/osc/UsbDmxServer.py", line 24, in start
    test = 1 + "f"
TypeError: unsupported operand type(s) for +: 'int' and 'str'

Le serveur USBDMX demarre
unsupported operand type(s) for +: 'int' and 'str'Traceback (most recent call last):
  File "/media/nico/DATA/Dropbox/VIBES/DMX-OSC/UsbDmx.py", line 31, in start
    self.osc.start()
  File "/media/nico/DATA/Dropbox/VIBES/DMX-OSC/osc/UsbDmxServer.py", line 24, in start
    test = 1 + "f"
TypeError: unsupported operand type(s) for +: 'int' and 'str'

Le serveur USBDMX demarre
unsupported operand type(s) for +: 'int' and 'str'
Le serveur USBDMX demarre
unsupported operand type(s) for +: 'int' and 'str'Traceback (most recent call last):
  File "/media/nico/DATA/Dropbox/VIBES/DMX-OSC/UsbDmx.py", line 31, in start
    self.osc.start()
  File "/media/nico/DATA/Dropbox/VIBES/DMX-OSC/osc/UsbDmxServer.py", line 24, in start
    test = 1 + "f"
TypeError: unsupported operand type(s) for +: 'int' and 'str'

Le serveur USBDMX demarre
unsupported operand type(s) for +: 'int' and 'str' Traceback (most recent call last):
  File "/media/nico/DATA/Dropbox/VIBES/DMX-OSC/UsbDmx.py", line 31, in start
    self.osc.start()
  File "/media/nico/DATA/Dropbox/VIBES/DMX-OSC/osc/UsbDmxServer.py", line 24, in start
    test = 1 + "f"
TypeError: unsupported operand type(s) for +: 'int' and 'str'

Le serveur USBDMX demarre
unsupported operand type(s) for +: 'int' and 'str' 
Traceback (most recent call last):
  File "/media/nico/DATA/Dropbox/VIBES/DMX-OSC/UsbDmx.py", line 31, in start
    self.osc.start()
  File "/media/nico/DATA/Dropbox/VIBES/DMX-OSC/osc/UsbDmxServer.py", line 24, in start
    test = 1 + "f"
TypeError: unsupported operand type(s) for +: 'int' and 'str'

Le serveur USBDMX demarre
Le serveur USBDMX demarre
Le serveur USBDMX demarre
Le serveur USBDMX demarre
Le serveur USBDMX demarre
Le serveur USBDMX demarre
Exitting USB OSC
Le serveur USBDMX demarre
Fermeture de l'incroyable pont USBDMX
Le serveur USBDMX demarre
Fermeture du pont USBDMX
